========================================
开始生成所有项目的日报
时间: 2026-02-12 10:14:35
项目目录: /workspace/projects
========================================

【1/3】生成二重螺旋-海外日报...
================================================================================
开始生成 二重螺旋-海外 数据分析报告
================================================================================
当前日期: 2026-02-12
昨日: 2026-02-11
前日: 2026-02-10

获取数据...
2026-02-12 10:14:37,385 cozeloop._noop _noop.py:67 [WARNING] [cozeloop] Noop client not supported. Invalid parameter. workspace_id is required.
2026-02-12 10:14:38,238 cozeloop._noop _noop.py:67 [WARNING] [cozeloop] Noop client not supported. Invalid parameter. workspace_id is required.
2026-02-12 10:14:39,128 cozeloop._noop _noop.py:67 [WARNING] [cozeloop] Noop client not supported. Invalid parameter. workspace_id is required.

================================================================================
二重螺旋-海外 分析报告
================================================================================
**昨日（2026-02-11）总览数据**
- DAU：41,411
- 新增用户：2,475
- 收入：$163,810.22
- 付费用户数：3,375
- 付费率：8.15%
- ARPU：$3.96
- ARPPU：$48.54

**对照前日（2026-02-10）变化：**
- DAU：35,653 → 41,411 (<font color="red">5,758</font>, <font color="red">+16.15%</font>)
- 新增用户：1,461 → 2,475 (<font color="red">1,014</font>, <font color="red">+69.4%</font>)
- 收入：296,582.76 → 163,810.22 (<font color="green">-132,772.54</font>, <font color="green">-44.77%</font>)
- 付费用户数：4,692 → 3,375 (<font color="green">-1,317</font>, <font color="green">-28.07%</font>)
- 付费率：13.16% → 8.15% (<font color="green">-5.01</font>, <font color="green">-38.07%</font>)
- ARPU：8.32 → 3.96 (<font color="green">-4.36</font>, <font color="green">-52.4%</font>)
- ARPPU：63.21 → 48.54 (<font color="green">-14.67</font>, <font color="green">-23.21%</font>)

**变化原因细拆：**
- 收入下降31%来自安卓：该渠道收入减少$41,159.26，占总收入下降的31%
- DAU增长45%来自PC官包：该渠道DAU增长2,700，占总DAU增长的45%
- 收入下降48%来自韩国：该国家收入减少$42,679.05，占总收入下降的48%
- DAU增长48%来自美国：该国家DAU增长1,242，占总DAU增长的48%
================================================================================
✅ 分析完成！
📄 报告已保存到: daily_report_ershong_helix_overseas.md

正在发送报告到飞书群组...
📤 使用 Webhook URL: https://open.feishu.cn/open-apis/bot/v2/hook/9d704...

✅ 报告已成功发送到飞书群组！
✅ 报告已成功发送到飞书群组！

【2/3】生成 Pocket-小程序日报...
================================================================================
开始生成 Pocket - 小程序 数据分析报告
================================================================================
当前日期: 2026-02-12
昨日: 2026-02-11
前日: 2026-02-10

获取数据...
2026-02-12 10:14:42,462 cozeloop._noop _noop.py:67 [WARNING] [cozeloop] Noop client not supported. Invalid parameter. workspace_id is required.
2026-02-12 10:14:43,229 cozeloop._noop _noop.py:67 [WARNING] [cozeloop] Noop client not supported. Invalid parameter. workspace_id is required.
2026-02-12 10:14:43,886 cozeloop._noop _noop.py:67 [WARNING] [cozeloop] Noop client not supported. Invalid parameter. workspace_id is required.

================================================================================
Pocket - 小程序 分析报告
================================================================================
**昨日（2026-02-11）总览数据**
- DAU：2,538
- 新增角色：678
- 付费金额：¥16,282.00
- 付费人数：129
- 付费率：5.08%
- ARPU：¥6.42
- ARPPU：¥126.22

**对照前日（2026-02-10）变化：**
- DAU：2,640 → 2,538 (<font color="green">-102</font>, <font color="green">-3.86%</font>)
- 新增角色：337 → 678 (<font color="red">341</font>, <font color="red">+101.19%</font>)
- 付费金额：21,288.0 → 16,282.0 (<font color="green">-5,006.0</font>, <font color="green">-23.52%</font>)
- 付费人数：173 → 129 (<font color="green">-44</font>, <font color="green">-25.43%</font>)
- 付费率：6.55% → 5.08% (<font color="green">-1.47</font>, <font color="green">-22.44%</font>)
- ARPU：8.06 → 6.42 (<font color="green">-1.64</font>, <font color="green">-20.35%</font>)
- ARPPU：123.05 → 126.22 (<font color="red">3.17</font>, <font color="red">+2.58%</font>)
================================================================================
✅ 分析完成！
📄 报告已保存到: daily_report_pocket_miniprogram.md

正在发送报告到飞书群组...
📤 使用 Webhook URL: https://open.feishu.cn/open-apis/bot/v2/hook/002e0...

✅ 报告已成功发送到飞书群组！
✅ 报告已成功发送到飞书群组！

【3/3】生成 SGame-小程序日报...
================================================================================
开始生成 SGame-小程序 数据分析报告
================================================================================
当前日期: 2026-02-12
昨日: 2026-02-11
前日: 2026-02-10

获取数据...
2026-02-12 10:14:47,018 cozeloop._noop _noop.py:67 [WARNING] [cozeloop] Noop client not supported. Invalid parameter. workspace_id is required.

================================================================================
SGame-小程序 分析报告
================================================================================
**昨日（2026-02-11）总览数据**
- DAU：4,889
- 新增角色：3,879
- 付费金额：¥22,388.00
- 付费人数：441
- 付费率：9.02%
- ARPU：¥4.58
- ARPPU：¥50.77

**对照前日（2026-02-10）变化：**
- DAU：1,441 → 4,889 (<font color="red">3,448</font>, <font color="red">+239.28%</font>)
- 新增角色：404 → 3,879 (<font color="red">3,475</font>, <font color="red">+860.15%</font>)
- 付费金额：7,922.0 → 22,388.0 (<font color="red">14,466.0</font>, <font color="red">+182.61%</font>)
- 付费人数：74 → 441 (<font color="red">367</font>, <font color="red">+495.95%</font>)
- 付费率：5.14% → 9.02% (<font color="red">3.88</font>, <font color="red">+75.49%</font>)
- ARPU：5.5 → 4.58 (<font color="green">-0.92</font>, <font color="green">-16.73%</font>)
- ARPPU：107.05 → 50.77 (<font color="green">-56.28</font>, <font color="green">-52.57%</font>)
================================================================================
✅ 分析完成！
📄 报告已保存到: daily_report_sgame_miniprogram.md

正在发送报告到飞书群组...
📤 使用 Webhook URL: https://open.feishu.cn/open-apis/bot/v2/hook/c174f...

✅ 报告已成功发送到飞书群组！
✅ 报告已成功发送到飞书群组！

========================================
所有日报生成完成
时间: 2026-02-12 10:14:48
========================================
