2026-02-07 10:55:06,063 - __main__ - INFO - ================================================================================
2026-02-07 10:55:06,064 - __main__ - INFO - 启动调度器守护脚本
2026-02-07 10:55:06,065 - __main__ - INFO - ================================================================================
2026-02-07 10:55:06,066 - __main__ - INFO - 守护进程 PID: 169
2026-02-07 10:55:06,066 - __main__ - INFO - 当前时间: 2026-02-07 10:55:06
2026-02-07 10:55:06,067 - __main__ - INFO - 检查间隔: 60 秒
2026-02-07 10:55:06,069 - __main__ - INFO - ✅ 调度器正在运行，PID: 136
2026-02-07 10:55:06,070 - __main__ - INFO - ================================================================================
2026-02-07 10:55:06,070 - __main__ - INFO - 守护脚本进入监控模式，按 Ctrl+C 停止
2026-02-07 10:55:06,071 - __main__ - INFO - ================================================================================
2026-02-07 10:57:06,074 - __main__ - WARNING - ⚠️  检测到调度器进程不存在，正在重启...
2026-02-07 10:57:06,075 - __main__ - INFO - 🚀 正在启动调度器...
2026-02-07 10:57:09,082 - __main__ - INFO - ✅ 调度器启动成功，PID: 202
2026-02-08 15:19:21,618 - __main__ - INFO - ================================================================================
2026-02-08 15:19:21,619 - __main__ - INFO - 启动调度器守护脚本
2026-02-08 15:19:21,620 - __main__ - INFO - ================================================================================
2026-02-08 15:19:21,621 - __main__ - INFO - 守护进程 PID: 154
2026-02-08 15:19:21,622 - __main__ - INFO - 当前时间: 2026-02-08 15:19:21
2026-02-08 15:19:21,623 - __main__ - INFO - 检查间隔: 60 秒
2026-02-08 15:19:21,628 - __main__ - INFO - ✅ 调度器正在运行，PID: 150
2026-02-08 15:19:21,628 - __main__ - INFO - ================================================================================
2026-02-08 15:19:21,629 - __main__ - INFO - 守护脚本进入监控模式，按 Ctrl+C 停止
2026-02-08 15:19:21,630 - __main__ - INFO - ================================================================================
