2026-02-03 17:20:46,799 - __main__ - INFO - ================================================================================
2026-02-03 17:20:46,800 - __main__ - INFO - 启动每日日报定时调度器
2026-02-03 17:20:46,800 - __main__ - INFO - ================================================================================
2026-02-03 17:20:46,801 - __main__ - INFO - 当前时间: 2026-02-03 17:20:46
2026-02-03 17:20:46,801 - __main__ - INFO - 调度规则: 每天下午 17:30 执行
2026-02-03 17:20:46,802 - __main__ - INFO - 使用自定义 Webhook: https://open.feishu.cn/open-apis/bot/v2/hook/5d969...
2026-02-03 17:20:46,802 - __main__ - INFO - 按 Ctrl+C 停止调度器
2026-02-03 17:20:46,803 - __main__ - INFO - ================================================================================
2026-02-03 17:20:46,803 - __main__ - INFO - 当前时间已超过10:00，询问是否立即执行...
2026-02-03 17:20:46,804 - __main__ - INFO - 如需立即执行，请手动运行: python scripts/daily_report_main.py
2026-02-06 16:54:19,251 - __main__ - INFO - ================================================================================
2026-02-06 16:54:19,253 - __main__ - INFO - 启动每日日报定时调度器
2026-02-06 16:54:19,255 - __main__ - INFO - ================================================================================
2026-02-06 16:54:19,256 - __main__ - INFO - 当前时间: 2026-02-06 16:54:19
2026-02-06 16:54:19,257 - __main__ - INFO - 调度规则: 每天上午 10:01 执行
2026-02-06 16:54:19,258 - __main__ - INFO - 使用集成服务 Webhook
2026-02-06 16:54:19,259 - __main__ - INFO - 按 Ctrl+C 停止调度器
2026-02-06 16:54:19,260 - __main__ - INFO - ================================================================================
2026-02-06 16:54:19,267 - __main__ - INFO - 当前时间已超过10:01，询问是否立即执行...
2026-02-06 16:54:19,268 - __main__ - INFO - 如需立即执行，请手动运行: python scripts/daily_report_main.py
